Build started 2014-06-25 20:19:20.
     1>Project "C:\Users\RAZIL Laptop\documents\visual studio 2010\Projects\kolkoikrzyzyk\kolkoikrzyzyk\kolkoikrzyzyk.vcxproj" on node 2 (build target(s)).
     1>InitializeBuildStatus:
         Creating "Debug\kolkoikrzyzyk.unsuccessfulbuild" because "AlwaysCreate" was specified.
       GenerateTargetFrameworkMonikerAttribute:
       Skipping target "GenerateTargetFrameworkMonikerAttribute" because all output files are up-to-date with respect to the input files.
       ClCompile:
         All outputs are up-to-date.
         D:\Program Files (x86)\Microsoft Visual Studio 10.0\VC\bin\CL.exe /c /AI"C:\Program Files (x86)\Reference Assemblies\Microsoft\Framework\.NETFramework\v4.0" /Zi /clr:pure /nologo /W3 /WX- /Od /Oy- /D WIN32 /D _DEBUG /D _UNICODE /D UNICODE /EHa /MDd /GS /fp:precise /Zc:wchar_t /Zc:forScope /Yu"StdAfx.h" /Fp"Debug\kolkoikrzyzyk.pch" /Fo"Debug\\" /Fd"Debug\vc100.pdb" /TP /FU"C:\Program Files (x86)\Reference Assemblies\Microsoft\Framework\.NETFramework\v4.0\System.Core.dll" /FU"C:\Program Files (x86)\Reference Assemblies\Microsoft\Framework\.NETFramework\v4.0\System.Data.dll" /FU"C:\Program Files (x86)\Reference Assemblies\Microsoft\Framework\.NETFramework\v4.0\System.dll" /FU"C:\Program Files (x86)\Reference Assemblies\Microsoft\Framework\.NETFramework\v4.0\System.Drawing.dll" /FU"C:\Program Files (x86)\Reference Assemblies\Microsoft\Framework\.NETFramework\v4.0\System.Windows.Forms.dll" /FU"C:\Program Files (x86)\Reference Assemblies\Microsoft\Framework\.NETFramework\v4.0\System.Xml.dll" /analyze- /errorReport:prompt kolkoikrzyzyk.cpp /clr:nostdlib 
         kolkoikrzyzyk.cpp
     1>c:\users\razil laptop\documents\visual studio 2010\projects\kolkoikrzyzyk\kolkoikrzyzyk\matryca.h(224): warning C4715: 'Matryca::Wygrana1' : not all control paths return a value
         All outputs are up-to-date.
       CoreResGen:
         "C:\Program Files (x86)\Microsoft SDKs\Windows\v7.0A\bin\NETFX 4.0 Tools\resgen.exe" /useSourcePath /r:"C:\Program Files (x86)\Reference Assemblies\Microsoft\Framework\.NETFramework\v4.0\System.Core.dll" /r:"C:\Program Files (x86)\Reference Assemblies\Microsoft\Framework\.NETFramework\v4.0\System.Data.dll" /r:"C:\Program Files (x86)\Reference Assemblies\Microsoft\Framework\.NETFramework\v4.0\System.dll" /r:"C:\Program Files (x86)\Reference Assemblies\Microsoft\Framework\.NETFramework\v4.0\System.Drawing.dll" /r:"C:\Program Files (x86)\Reference Assemblies\Microsoft\Framework\.NETFramework\v4.0\System.Windows.Forms.dll" /r:"C:\Program Files (x86)\Reference Assemblies\Microsoft\Framework\.NETFramework\v4.0\System.Xml.dll" /compile Form1.resX,Debug\kolkoikrzyzyk.Form1.resources
         Processing resource file "Form1.resX" into "Debug\kolkoikrzyzyk.Form1.resources".
       ResourceCompile:
         All outputs are up-to-date.
       Link:
         D:\Program Files (x86)\Microsoft Visual Studio 10.0\VC\bin\link.exe /ERRORREPORT:PROMPT /OUT:"C:\Users\RAZIL Laptop\documents\visual studio 2010\Projects\kolkoikrzyzyk\Debug\kolkoikrzyzyk.exe" /INCREMENTAL /NOLOGO /ASSEMBLYRESOURCE:Debug\kolkoikrzyzyk.Form1.resources /MANIFEST /ManifestFile:"Debug\kolkoikrzyzyk.exe.intermediate.manifest" /MANIFESTUAC:"level='asInvoker' uiAccess='false'" /DEBUG /PDB:"C:\Users\RAZIL Laptop\documents\visual studio 2010\Projects\kolkoikrzyzyk\Debug\kolkoikrzyzyk.pdb" /ASSEMBLYDEBUG /SUBSYSTEM:WINDOWS /TLBID:1 /ENTRY:"main" /DYNAMICBASE /FIXED:NO /NXCOMPAT /MACHINE:X86 Debug\app.res
         Debug\AssemblyInfo.obj
         Debug\kolkoikrzyzyk.obj
         Debug\stdafx.obj
         "Debug\.NETFramework,Version=v4.0.AssemblyAttributes.obj"
         kolkoikrzyzyk.vcxproj -> C:\Users\RAZIL Laptop\documents\visual studio 2010\Projects\kolkoikrzyzyk\Debug\kolkoikrzyzyk.exe
       Manifest:
         C:\Program Files (x86)\Microsoft SDKs\Windows\v7.0A\bin\mt.exe /nologo /verbose /outputresource:"C:\Users\RAZIL Laptop\documents\visual studio 2010\Projects\kolkoikrzyzyk\Debug\kolkoikrzyzyk.exe;#1" /manifest Debug\kolkoikrzyzyk.exe.intermediate.manifest
       FinalizeBuildStatus:
         Deleting file "Debug\kolkoikrzyzyk.unsuccessfulbuild".
         Touching "Debug\kolkoikrzyzyk.lastbuildstate".
     1>Done Building Project "C:\Users\RAZIL Laptop\documents\visual studio 2010\Projects\kolkoikrzyzyk\kolkoikrzyzyk\kolkoikrzyzyk.vcxproj" (build target(s)).

Build succeeded.

Time Elapsed 00:00:05.14
